\BOOKMARK [1][-]{section.1}{Introduction}{}% 1
\BOOKMARK [2][-]{subsection.1.1}{Disciplines}{section.1}% 2
\BOOKMARK [1][-]{section.2}{Data Quality}{}% 3
\BOOKMARK [2][-]{subsection.2.1}{Data Quality Assessment}{section.2}% 4
\BOOKMARK [2][-]{subsection.2.2}{Approaches to Data Quality Assessment}{section.2}% 5
\BOOKMARK [2][-]{subsection.2.3}{Statistical Key Figures}{section.2}% 6
\BOOKMARK [3][-]{subsubsection.2.3.1}{Central Tendency}{subsection.2.3}% 7
\BOOKMARK [3][-]{subsubsection.2.3.2}{Skewdness}{subsection.2.3}% 8
\BOOKMARK [3][-]{subsubsection.2.3.3}{Quartile \046 Interquartile Range \(IQR\)}{subsection.2.3}% 9
\BOOKMARK [3][-]{subsubsection.2.3.4}{Five Number Summary}{subsection.2.3}% 10
\BOOKMARK [3][-]{subsubsection.2.3.5}{Boxplot}{subsection.2.3}% 11
\BOOKMARK [3][-]{subsubsection.2.3.6}{Variance}{subsection.2.3}% 12
\BOOKMARK [3][-]{subsubsection.2.3.7}{Covariance}{subsection.2.3}% 13
\BOOKMARK [3][-]{subsubsection.2.3.8}{Pearson Correlation}{subsection.2.3}% 14
\BOOKMARK [2][-]{subsection.2.4}{Normalization}{section.2}% 15
\BOOKMARK [1][-]{section.3}{Geometry of Data}{}% 16
\BOOKMARK [2][-]{subsection.3.1}{Feature Engineering}{section.3}% 17
\BOOKMARK [2][-]{subsection.3.2}{Vector Space Model}{section.3}% 18
\BOOKMARK [2][-]{subsection.3.3}{Similarity of Data}{section.3}% 19
\BOOKMARK [3][-]{subsubsection.3.3.1}{Euclidean Distance}{subsection.3.3}% 20
\BOOKMARK [3][-]{subsubsection.3.3.2}{Cosine Similarity}{subsection.3.3}% 21
\BOOKMARK [3][-]{subsubsection.3.3.3}{Levenshtein / Edit Distance for Strings}{subsection.3.3}% 22
\BOOKMARK [1][-]{section.4}{Supervised Machine Learning}{}% 23
\BOOKMARK [2][-]{subsection.4.1}{Regression and classification algorithms}{section.4}% 24
\BOOKMARK [2][-]{subsection.4.2}{Decision Boundaries}{section.4}% 25
\BOOKMARK [3][-]{subsubsection.4.2.1}{Kernel-Trick}{subsection.4.2}% 26
\BOOKMARK [2][-]{subsection.4.3}{k-Nearest-Neighbor}{section.4}% 27
\BOOKMARK [2][-]{subsection.4.4}{Training- and Testdata}{section.4}% 28
\BOOKMARK [2][-]{subsection.4.5}{Measuring the performance of classification}{section.4}% 29
\BOOKMARK [3][-]{subsubsection.4.5.1}{Confusion Matrix}{subsection.4.5}% 30
\BOOKMARK [3][-]{subsubsection.4.5.2}{Accuracy and Error Rate}{subsection.4.5}% 31
\BOOKMARK [3][-]{subsubsection.4.5.3}{Sensitivity}{subsection.4.5}% 32
\BOOKMARK [3][-]{subsubsection.4.5.4}{Sepcificity}{subsection.4.5}% 33
\BOOKMARK [3][-]{subsubsection.4.5.5}{Precision}{subsection.4.5}% 34
\BOOKMARK [3][-]{subsubsection.4.5.6}{F1 Score}{subsection.4.5}% 35
\BOOKMARK [2][-]{subsection.4.6}{Measuring the performance of regression}{section.4}% 36
\BOOKMARK [3][-]{subsubsection.4.6.1}{Coefficient of Determination}{subsection.4.6}% 37
\BOOKMARK [1][-]{section.5}{Linear Regression}{}% 38
\BOOKMARK [2][-]{subsection.5.1}{Coefficient of Determination}{section.5}% 39
\BOOKMARK [2][-]{subsection.5.2}{Correlation Analysis}{section.5}% 40
\BOOKMARK [2][-]{subsection.5.3}{Linear Regression Example}{section.5}% 41
\BOOKMARK [2][-]{subsection.5.4}{Multple Linear Regression}{section.5}% 42
\BOOKMARK [3][-]{subsubsection.5.4.1}{Example multilinear regression}{subsection.5.4}% 43
\BOOKMARK [1][-]{section.6}{Gradient Descent}{}% 44
\BOOKMARK [2][-]{subsubsection.6.0.1}{Example of a gradient}{section.6}% 45
\BOOKMARK [2][-]{subsection.6.1}{Properties of the gradient}{section.6}% 46
\BOOKMARK [2][-]{subsection.6.2}{Gradient descent}{section.6}% 47
\BOOKMARK [3][-]{subsubsection.6.2.1}{Batch Gradient Descent}{subsection.6.2}% 48
\BOOKMARK [2][-]{subsection.6.3}{Stochastic Gradient Descent}{section.6}% 49
\BOOKMARK [3][-]{subsubsection.6.3.1}{Instructions}{subsection.6.3}% 50
\BOOKMARK [3][-]{subsubsection.6.3.2}{Stochastic Gradient Descent - Example}{subsection.6.3}% 51
\BOOKMARK [2][-]{subsection.6.4}{Polynomial Regression, Feature Scaling and Checking Convergence}{section.6}% 52
\BOOKMARK [1][-]{section.7}{Regularisation}{}% 53
\BOOKMARK [2][-]{subsection.7.1}{Ridge Regularisation}{section.7}% 54
\BOOKMARK [2][-]{subsection.7.2}{How to choose the right model}{section.7}% 55
\BOOKMARK [3][-]{subsubsection.7.2.1}{Hold-out / Simple Cross Validation}{subsection.7.2}% 56
\BOOKMARK [3][-]{subsubsection.7.2.2}{k-fold Cross Validation}{subsection.7.2}% 57
